<?xml version="1.0" encoding="UTF-8"?>
<testng-results skipped="0" failed="0" total="1" passed="1">
  <reporter-output>
  </reporter-output>
  <suite name="Default suite" duration-ms="64" started-at="2016-01-23T05:26:02Z" finished-at="2016-01-23T05:26:02Z">
    <groups>
    </groups>
    <test name="Default test" duration-ms="64" started-at="2016-01-23T05:26:02Z" finished-at="2016-01-23T05:26:02Z">
      <class name="jan_23.SetEx">
        <test-method status="PASS" signature="atTest()[pri:0, instance:jan_23.SetEx@223477]" name="atTest" duration-ms="32" started-at="2016-01-23T10:56:02Z" finished-at="2016-01-23T10:56:02Z">
          <reporter-output>
          </reporter-output>
        </test-method> <!-- atTest -->
      </class> <!-- jan_23.SetEx -->
    </test> <!-- Default test -->
  </suite> <!-- Default suite -->
</testng-results>
